[18-Sep-2020 09:18:45 UTC] PHP Fatal error:  Uncaught Error: Class 'WC_Payment_Gateway' not found in /www/wwwroot/tyrehub.com/wp-content/plugins/POS-payment/pos_payment.php:21
Stack trace:
#0 /www/wwwroot/tyrehub.com/wp-includes/class-wp-hook.php(286): init_custom_gateway_class('')
#1 /www/wwwroot/tyrehub.com/wp-includes/class-wp-hook.php(310): WP_Hook->apply_filters(Object(WC_Filter_Orders_By_Payment), Array)
#2 /www/wwwroot/tyrehub.com/wp-includes/plugin.php(465): WP_Hook->do_action(Array)
#3 /www/wwwroot/tyrehub.com/wp-settings.php(394): do_action('plugins_loaded')
#4 /www/wwwroot/tyrehub.com/wp-config.php(115): require_once('/www/wwwroot/ty...')
#5 /www/wwwroot/tyrehub.com/wp-load.php(37): require_once('/www/wwwroot/ty...')
#6 /www/wwwroot/tyrehub.com/wp-blog-header.php(13): require_once('/www/wwwroot/ty...')
#7 /www/wwwroot/tyrehub.com/index.php(18): require('/www/wwwroot/ty...')
#8 {main}
  thrown in /www/wwwroot/tyrehub.com/wp-content/plugins/POS-payment/pos_payment.php on line 21
[18-Sep-2020 09:18:45 UTC] PHP Fatal error:  Uncaught Error: Class 'WC_Payment_Gateway' not found in /www/wwwroot/tyrehub.com/wp-content/plugins/POS-payment/pos_payment.php:21
Stack trace:
#0 /www/wwwroot/tyrehub.com/wp-includes/class-wp-hook.php(286): init_custom_gateway_class('')
#1 /www/wwwroot/tyrehub.com/wp-includes/class-wp-hook.php(310): WP_Hook->apply_filters(Object(WC_Filter_Orders_By_Payment), Array)
#2 /www/wwwroot/tyrehub.com/wp-includes/plugin.php(465): WP_Hook->do_action(Array)
#3 /www/wwwroot/tyrehub.com/wp-settings.php(394): do_action('plugins_loaded')
#4 /www/wwwroot/tyrehub.com/wp-config.php(115): require_once('/www/wwwroot/ty...')
#5 /www/wwwroot/tyrehub.com/wp-load.php(37): require_once('/www/wwwroot/ty...')
#6 /www/wwwroot/tyrehub.com/wp-blog-header.php(13): require_once('/www/wwwroot/ty...')
#7 /www/wwwroot/tyrehub.com/index.php(18): require('/www/wwwroot/ty...')
#8 {main}
  thrown in /www/wwwroot/tyrehub.com/wp-content/plugins/POS-payment/pos_payment.php on line 21
[18-Sep-2020 09:18:45 UTC] PHP Fatal error:  Uncaught Error: Class 'WC_Payment_Gateway' not found in /www/wwwroot/tyrehub.com/wp-content/plugins/POS-payment/pos_payment.php:21
Stack trace:
#0 /www/wwwroot/tyrehub.com/wp-includes/class-wp-hook.php(286): init_custom_gateway_class('')
#1 /www/wwwroot/tyrehub.com/wp-includes/class-wp-hook.php(310): WP_Hook->apply_filters(Object(WC_Filter_Orders_By_Payment), Array)
#2 /www/wwwroot/tyrehub.com/wp-includes/plugin.php(465): WP_Hook->do_action(Array)
#3 /www/wwwroot/tyrehub.com/wp-settings.php(394): do_action('plugins_loaded')
#4 /www/wwwroot/tyrehub.com/wp-config.php(115): require_once('/www/wwwroot/ty...')
#5 /www/wwwroot/tyrehub.com/wp-load.php(37): require_once('/www/wwwroot/ty...')
#6 /www/wwwroot/tyrehub.com/wp-blog-header.php(13): require_once('/www/wwwroot/ty...')
#7 /www/wwwroot/tyrehub.com/index.php(18): require('/www/wwwroot/ty...')
#8 {main}
  thrown in /www/wwwroot/tyrehub.com/wp-content/plugins/POS-payment/pos_payment.php on line 21
[18-Sep-2020 09:18:49 UTC] PHP Fatal error:  Uncaught Error: Class 'WC_Payment_Gateway' not found in /www/wwwroot/tyrehub.com/wp-content/plugins/POS-payment/pos_payment.php:21
Stack trace:
#0 /www/wwwroot/tyrehub.com/wp-includes/class-wp-hook.php(286): init_custom_gateway_class('')
#1 /www/wwwroot/tyrehub.com/wp-includes/class-wp-hook.php(310): WP_Hook->apply_filters(Object(WC_Filter_Orders_By_Payment), Array)
#2 /www/wwwroot/tyrehub.com/wp-includes/plugin.php(465): WP_Hook->do_action(Array)
#3 /www/wwwroot/tyrehub.com/wp-settings.php(394): do_action('plugins_loaded')
#4 /www/wwwroot/tyrehub.com/wp-config.php(115): require_once('/www/wwwroot/ty...')
#5 /www/wwwroot/tyrehub.com/wp-load.php(37): require_once('/www/wwwroot/ty...')
#6 /www/wwwroot/tyrehub.com/wp-blog-header.php(13): require_once('/www/wwwroot/ty...')
#7 /www/wwwroot/tyrehub.com/index.php(18): require('/www/wwwroot/ty...')
#8 {main}
  thrown in /www/wwwroot/tyrehub.com/wp-content/plugins/POS-payment/pos_payment.php on line 21
[18-Sep-2020 09:18:53 UTC] PHP Fatal error:  Uncaught Error: Class 'WC_Payment_Gateway' not found in /www/wwwroot/tyrehub.com/wp-content/plugins/POS-payment/pos_payment.php:21
Stack trace:
#0 /www/wwwroot/tyrehub.com/wp-includes/class-wp-hook.php(286): init_custom_gateway_class('')
#1 /www/wwwroot/tyrehub.com/wp-includes/class-wp-hook.php(310): WP_Hook->apply_filters(Object(WC_Filter_Orders_By_Payment), Array)
#2 /www/wwwroot/tyrehub.com/wp-includes/plugin.php(465): WP_Hook->do_action(Array)
#3 /www/wwwroot/tyrehub.com/wp-settings.php(394): do_action('plugins_loaded')
#4 /www/wwwroot/tyrehub.com/wp-config.php(115): require_once('/www/wwwroot/ty...')
#5 /www/wwwroot/tyrehub.com/wp-load.php(37): require_once('/www/wwwroot/ty...')
#6 /www/wwwroot/tyrehub.com/wp-blog-header.php(13): require_once('/www/wwwroot/ty...')
#7 /www/wwwroot/tyrehub.com/index.php(18): require('/www/wwwroot/ty...')
#8 {main}
  thrown in /www/wwwroot/tyrehub.com/wp-content/plugins/POS-payment/pos_payment.php on line 21
[18-Sep-2020 09:18:54 UTC] PHP Fatal error:  Uncaught Error: Class 'WC_Payment_Gateway' not found in /www/wwwroot/tyrehub.com/wp-content/plugins/POS-payment/pos_payment.php:21
Stack trace:
#0 /www/wwwroot/tyrehub.com/wp-includes/class-wp-hook.php(286): init_custom_gateway_class('')
#1 /www/wwwroot/tyrehub.com/wp-includes/class-wp-hook.php(310): WP_Hook->apply_filters(Object(WC_Filter_Orders_By_Payment), Array)
#2 /www/wwwroot/tyrehub.com/wp-includes/plugin.php(465): WP_Hook->do_action(Array)
#3 /www/wwwroot/tyrehub.com/wp-settings.php(394): do_action('plugins_loaded')
#4 /www/wwwroot/tyrehub.com/wp-config.php(115): require_once('/www/wwwroot/ty...')
#5 /www/wwwroot/tyrehub.com/wp-load.php(37): require_once('/www/wwwroot/ty...')
#6 /www/wwwroot/tyrehub.com/wp-blog-header.php(13): require_once('/www/wwwroot/ty...')
#7 /www/wwwroot/tyrehub.com/index.php(18): require('/www/wwwroot/ty...')
#8 {main}
  thrown in /www/wwwroot/tyrehub.com/wp-content/plugins/POS-payment/pos_payment.php on line 21
[18-Sep-2020 09:18:55 UTC] PHP Fatal error:  Uncaught Error: Class 'WC_Payment_Gateway' not found in /www/wwwroot/tyrehub.com/wp-content/plugins/POS-payment/pos_payment.php:21
Stack trace:
#0 /www/wwwroot/tyrehub.com/wp-includes/class-wp-hook.php(286): init_custom_gateway_class('')
#1 /www/wwwroot/tyrehub.com/wp-includes/class-wp-hook.php(310): WP_Hook->apply_filters(Object(WC_Filter_Orders_By_Payment), Array)
#2 /www/wwwroot/tyrehub.com/wp-includes/plugin.php(465): WP_Hook->do_action(Array)
#3 /www/wwwroot/tyrehub.com/wp-settings.php(394): do_action('plugins_loaded')
#4 /www/wwwroot/tyrehub.com/wp-config.php(115): require_once('/www/wwwroot/ty...')
#5 /www/wwwroot/tyrehub.com/wp-load.php(37): require_once('/www/wwwroot/ty...')
#6 /www/wwwroot/tyrehub.com/wp-blog-header.php(13): require_once('/www/wwwroot/ty...')
#7 /www/wwwroot/tyrehub.com/index.php(18): require('/www/wwwroot/ty...')
#8 {main}
  thrown in /www/wwwroot/tyrehub.com/wp-content/plugins/POS-payment/pos_payment.php on line 21
[18-Sep-2020 09:19:01 UTC] PHP Fatal error:  Uncaught Error: Class 'WC_Payment_Gateway' not found in /www/wwwroot/tyrehub.com/wp-content/plugins/POS-payment/pos_payment.php:21
Stack trace:
#0 /www/wwwroot/tyrehub.com/wp-includes/class-wp-hook.php(286): init_custom_gateway_class('')
#1 /www/wwwroot/tyrehub.com/wp-includes/class-wp-hook.php(310): WP_Hook->apply_filters(Object(WC_Filter_Orders_By_Payment), Array)
#2 /www/wwwroot/tyrehub.com/wp-includes/plugin.php(465): WP_Hook->do_action(Array)
#3 /www/wwwroot/tyrehub.com/wp-settings.php(394): do_action('plugins_loaded')
#4 /www/wwwroot/tyrehub.com/wp-config.php(115): require_once('/www/wwwroot/ty...')
#5 /www/wwwroot/tyrehub.com/wp-load.php(37): require_once('/www/wwwroot/ty...')
#6 /www/wwwroot/tyrehub.com/wp-blog-header.php(13): require_once('/www/wwwroot/ty...')
#7 /www/wwwroot/tyrehub.com/index.php(18): require('/www/wwwroot/ty...')
#8 {main}
  thrown in /www/wwwroot/tyrehub.com/wp-content/plugins/POS-payment/pos_payment.php on line 21
[18-Sep-2020 09:19:03 UTC] PHP Fatal error:  Uncaught Error: Class 'WC_Payment_Gateway' not found in /www/wwwroot/tyrehub.com/wp-content/plugins/POS-payment/pos_payment.php:21
Stack trace:
#0 /www/wwwroot/tyrehub.com/wp-includes/class-wp-hook.php(286): init_custom_gateway_class('')
#1 /www/wwwroot/tyrehub.com/wp-includes/class-wp-hook.php(310): WP_Hook->apply_filters(Object(WC_Filter_Orders_By_Payment), Array)
#2 /www/wwwroot/tyrehub.com/wp-includes/plugin.php(465): WP_Hook->do_action(Array)
#3 /www/wwwroot/tyrehub.com/wp-settings.php(394): do_action('plugins_loaded')
#4 /www/wwwroot/tyrehub.com/wp-config.php(115): require_once('/www/wwwroot/ty...')
#5 /www/wwwroot/tyrehub.com/wp-load.php(37): require_once('/www/wwwroot/ty...')
#6 /www/wwwroot/tyrehub.com/wp-blog-header.php(13): require_once('/www/wwwroot/ty...')
#7 /www/wwwroot/tyrehub.com/index.php(18): require('/www/wwwroot/ty...')
#8 {main}
  thrown in /www/wwwroot/tyrehub.com/wp-content/plugins/POS-payment/pos_payment.php on line 21
[18-Sep-2020 09:19:05 UTC] PHP Fatal error:  Uncaught Error: Class 'WC_Payment_Gateway' not found in /www/wwwroot/tyrehub.com/wp-content/plugins/POS-payment/pos_payment.php:21
Stack trace:
#0 /www/wwwroot/tyrehub.com/wp-includes/class-wp-hook.php(286): init_custom_gateway_class('')
#1 /www/wwwroot/tyrehub.com/wp-includes/class-wp-hook.php(310): WP_Hook->apply_filters(Object(WC_Filter_Orders_By_Payment), Array)
#2 /www/wwwroot/tyrehub.com/wp-includes/plugin.php(465): WP_Hook->do_action(Array)
#3 /www/wwwroot/tyrehub.com/wp-settings.php(394): do_action('plugins_loaded')
#4 /www/wwwroot/tyrehub.com/wp-config.php(115): require_once('/www/wwwroot/ty...')
#5 /www/wwwroot/tyrehub.com/wp-load.php(37): require_once('/www/wwwroot/ty...')
#6 /www/wwwroot/tyrehub.com/wp-blog-header.php(13): require_once('/www/wwwroot/ty...')
#7 /www/wwwroot/tyrehub.com/index.php(18): require('/www/wwwroot/ty...')
#8 {main}
  thrown in /www/wwwroot/tyrehub.com/wp-content/plugins/POS-payment/pos_payment.php on line 21
[18-Sep-2020 09:19:05 UTC] PHP Fatal error:  Uncaught Error: Class 'WC_Payment_Gateway' not found in /www/wwwroot/tyrehub.com/wp-content/plugins/POS-payment/pos_payment.php:21
Stack trace:
#0 /www/wwwroot/tyrehub.com/wp-includes/class-wp-hook.php(286): init_custom_gateway_class('')
#1 /www/wwwroot/tyrehub.com/wp-includes/class-wp-hook.php(310): WP_Hook->apply_filters(Object(WC_Filter_Orders_By_Payment), Array)
#2 /www/wwwroot/tyrehub.com/wp-includes/plugin.php(465): WP_Hook->do_action(Array)
#3 /www/wwwroot/tyrehub.com/wp-settings.php(394): do_action('plugins_loaded')
#4 /www/wwwroot/tyrehub.com/wp-config.php(115): require_once('/www/wwwroot/ty...')
#5 /www/wwwroot/tyrehub.com/wp-load.php(37): require_once('/www/wwwroot/ty...')
#6 /www/wwwroot/tyrehub.com/wp-blog-header.php(13): require_once('/www/wwwroot/ty...')
#7 /www/wwwroot/tyrehub.com/index.php(18): require('/www/wwwroot/ty...')
#8 {main}
  thrown in /www/wwwroot/tyrehub.com/wp-content/plugins/POS-payment/pos_payment.php on line 21
[18-Sep-2020 09:19:05 UTC] PHP Fatal error:  Uncaught Error: Class 'WC_Payment_Gateway' not found in /www/wwwroot/tyrehub.com/wp-content/plugins/POS-payment/pos_payment.php:21
Stack trace:
#0 /www/wwwroot/tyrehub.com/wp-includes/class-wp-hook.php(286): init_custom_gateway_class('')
#1 /www/wwwroot/tyrehub.com/wp-includes/class-wp-hook.php(310): WP_Hook->apply_filters(Object(WC_Filter_Orders_By_Payment), Array)
#2 /www/wwwroot/tyrehub.com/wp-includes/plugin.php(465): WP_Hook->do_action(Array)
#3 /www/wwwroot/tyrehub.com/wp-settings.php(394): do_action('plugins_loaded')
#4 /www/wwwroot/tyrehub.com/wp-config.php(115): require_once('/www/wwwroot/ty...')
#5 /www/wwwroot/tyrehub.com/wp-load.php(37): require_once('/www/wwwroot/ty...')
#6 /www/wwwroot/tyrehub.com/wp-blog-header.php(13): require_once('/www/wwwroot/ty...')
#7 /www/wwwroot/tyrehub.com/index.php(18): require('/www/wwwroot/ty...')
#8 {main}
  thrown in /www/wwwroot/tyrehub.com/wp-content/plugins/POS-payment/pos_payment.php on line 21
[18-Sep-2020 09:19:06 UTC] PHP Fatal error:  Uncaught Error: Class 'WC_Payment_Gateway' not found in /www/wwwroot/tyrehub.com/wp-content/plugins/POS-payment/pos_payment.php:21
Stack trace:
#0 /www/wwwroot/tyrehub.com/wp-includes/class-wp-hook.php(286): init_custom_gateway_class('')
#1 /www/wwwroot/tyrehub.com/wp-includes/class-wp-hook.php(310): WP_Hook->apply_filters(Object(WC_Filter_Orders_By_Payment), Array)
#2 /www/wwwroot/tyrehub.com/wp-includes/plugin.php(465): WP_Hook->do_action(Array)
#3 /www/wwwroot/tyrehub.com/wp-settings.php(394): do_action('plugins_loaded')
#4 /www/wwwroot/tyrehub.com/wp-config.php(115): require_once('/www/wwwroot/ty...')
#5 /www/wwwroot/tyrehub.com/wp-load.php(37): require_once('/www/wwwroot/ty...')
#6 /www/wwwroot/tyrehub.com/wp-blog-header.php(13): require_once('/www/wwwroot/ty...')
#7 /www/wwwroot/tyrehub.com/index.php(18): require('/www/wwwroot/ty...')
#8 {main}
  thrown in /www/wwwroot/tyrehub.com/wp-content/plugins/POS-payment/pos_payment.php on line 21
[18-Sep-2020 09:19:09 UTC] PHP Fatal error:  Uncaught Error: Class 'WC_Payment_Gateway' not found in /www/wwwroot/tyrehub.com/wp-content/plugins/POS-payment/pos_payment.php:21
Stack trace:
#0 /www/wwwroot/tyrehub.com/wp-includes/class-wp-hook.php(286): init_custom_gateway_class('')
#1 /www/wwwroot/tyrehub.com/wp-includes/class-wp-hook.php(310): WP_Hook->apply_filters(Object(WC_Filter_Orders_By_Payment), Array)
#2 /www/wwwroot/tyrehub.com/wp-includes/plugin.php(465): WP_Hook->do_action(Array)
#3 /www/wwwroot/tyrehub.com/wp-settings.php(394): do_action('plugins_loaded')
#4 /www/wwwroot/tyrehub.com/wp-config.php(115): require_once('/www/wwwroot/ty...')
#5 /www/wwwroot/tyrehub.com/wp-load.php(37): require_once('/www/wwwroot/ty...')
#6 /www/wwwroot/tyrehub.com/wp-blog-header.php(13): require_once('/www/wwwroot/ty...')
#7 /www/wwwroot/tyrehub.com/index.php(18): require('/www/wwwroot/ty...')
#8 {main}
  thrown in /www/wwwroot/tyrehub.com/wp-content/plugins/POS-payment/pos_payment.php on line 21
[18-Sep-2020 09:19:10 UTC] PHP Fatal error:  Uncaught Error: Class 'WC_Payment_Gateway' not found in /www/wwwroot/tyrehub.com/wp-content/plugins/POS-payment/pos_payment.php:21
Stack trace:
#0 /www/wwwroot/tyrehub.com/wp-includes/class-wp-hook.php(286): init_custom_gateway_class('')
#1 /www/wwwroot/tyrehub.com/wp-includes/class-wp-hook.php(310): WP_Hook->apply_filters(Object(WC_Filter_Orders_By_Payment), Array)
#2 /www/wwwroot/tyrehub.com/wp-includes/plugin.php(465): WP_Hook->do_action(Array)
#3 /www/wwwroot/tyrehub.com/wp-settings.php(394): do_action('plugins_loaded')
#4 /www/wwwroot/tyrehub.com/wp-config.php(115): require_once('/www/wwwroot/ty...')
#5 /www/wwwroot/tyrehub.com/wp-load.php(37): require_once('/www/wwwroot/ty...')
#6 /www/wwwroot/tyrehub.com/wp-blog-header.php(13): require_once('/www/wwwroot/ty...')
#7 /www/wwwroot/tyrehub.com/index.php(18): require('/www/wwwroot/ty...')
#8 {main}
  thrown in /www/wwwroot/tyrehub.com/wp-content/plugins/POS-payment/pos_payment.php on line 21
[18-Sep-2020 09:19:16 UTC] PHP Fatal error:  Uncaught Error: Class 'WC_Payment_Gateway' not found in /www/wwwroot/tyrehub.com/wp-content/plugins/POS-payment/pos_payment.php:21
Stack trace:
#0 /www/wwwroot/tyrehub.com/wp-includes/class-wp-hook.php(286): init_custom_gateway_class('')
#1 /www/wwwroot/tyrehub.com/wp-includes/class-wp-hook.php(310): WP_Hook->apply_filters(Object(WC_Filter_Orders_By_Payment), Array)
#2 /www/wwwroot/tyrehub.com/wp-includes/plugin.php(465): WP_Hook->do_action(Array)
#3 /www/wwwroot/tyrehub.com/wp-settings.php(394): do_action('plugins_loaded')
#4 /www/wwwroot/tyrehub.com/wp-config.php(115): require_once('/www/wwwroot/ty...')
#5 /www/wwwroot/tyrehub.com/wp-load.php(37): require_once('/www/wwwroot/ty...')
#6 /www/wwwroot/tyrehub.com/wp-blog-header.php(13): require_once('/www/wwwroot/ty...')
#7 /www/wwwroot/tyrehub.com/index.php(18): require('/www/wwwroot/ty...')
#8 {main}
  thrown in /www/wwwroot/tyrehub.com/wp-content/plugins/POS-payment/pos_payment.php on line 21
[18-Sep-2020 09:19:21 UTC] PHP Fatal error:  Uncaught Error: Class 'WC_Payment_Gateway' not found in /www/wwwroot/tyrehub.com/wp-content/plugins/POS-payment/pos_payment.php:21
Stack trace:
#0 /www/wwwroot/tyrehub.com/wp-includes/class-wp-hook.php(286): init_custom_gateway_class('')
#1 /www/wwwroot/tyrehub.com/wp-includes/class-wp-hook.php(310): WP_Hook->apply_filters(Object(WC_Filter_Orders_By_Payment), Array)
#2 /www/wwwroot/tyrehub.com/wp-includes/plugin.php(465): WP_Hook->do_action(Array)
#3 /www/wwwroot/tyrehub.com/wp-settings.php(394): do_action('plugins_loaded')
#4 /www/wwwroot/tyrehub.com/wp-config.php(115): require_once('/www/wwwroot/ty...')
#5 /www/wwwroot/tyrehub.com/wp-load.php(37): require_once('/www/wwwroot/ty...')
#6 /www/wwwroot/tyrehub.com/wp-blog-header.php(13): require_once('/www/wwwroot/ty...')
#7 /www/wwwroot/tyrehub.com/index.php(18): require('/www/wwwroot/ty...')
#8 {main}
  thrown in /www/wwwroot/tyrehub.com/wp-content/plugins/POS-payment/pos_payment.php on line 21
[18-Sep-2020 09:19:23 UTC] PHP Fatal error:  Uncaught Error: Class 'WC_Payment_Gateway' not found in /www/wwwroot/tyrehub.com/wp-content/plugins/POS-payment/pos_payment.php:21
Stack trace:
#0 /www/wwwroot/tyrehub.com/wp-includes/class-wp-hook.php(286): init_custom_gateway_class('')
#1 /www/wwwroot/tyrehub.com/wp-includes/class-wp-hook.php(310): WP_Hook->apply_filters(Object(WC_Filter_Orders_By_Payment), Array)
#2 /www/wwwroot/tyrehub.com/wp-includes/plugin.php(465): WP_Hook->do_action(Array)
#3 /www/wwwroot/tyrehub.com/wp-settings.php(394): do_action('plugins_loaded')
#4 /www/wwwroot/tyrehub.com/wp-config.php(115): require_once('/www/wwwroot/ty...')
#5 /www/wwwroot/tyrehub.com/wp-load.php(37): require_once('/www/wwwroot/ty...')
#6 /www/wwwroot/tyrehub.com/wp-blog-header.php(13): require_once('/www/wwwroot/ty...')
#7 /www/wwwroot/tyrehub.com/index.php(18): require('/www/wwwroot/ty...')
#8 {main}
  thrown in /www/wwwroot/tyrehub.com/wp-content/plugins/POS-payment/pos_payment.php on line 21
[18-Sep-2020 09:19:25 UTC] PHP Fatal error:  Uncaught Error: Class 'WC_Payment_Gateway' not found in /www/wwwroot/tyrehub.com/wp-content/plugins/POS-payment/pos_payment.php:21
Stack trace:
#0 /www/wwwroot/tyrehub.com/wp-includes/class-wp-hook.php(286): init_custom_gateway_class('')
#1 /www/wwwroot/tyrehub.com/wp-includes/class-wp-hook.php(310): WP_Hook->apply_filters(Object(WC_Filter_Orders_By_Payment), Array)
#2 /www/wwwroot/tyrehub.com/wp-includes/plugin.php(465): WP_Hook->do_action(Array)
#3 /www/wwwroot/tyrehub.com/wp-settings.php(394): do_action('plugins_loaded')
#4 /www/wwwroot/tyrehub.com/wp-config.php(115): require_once('/www/wwwroot/ty...')
#5 /www/wwwroot/tyrehub.com/wp-load.php(37): require_once('/www/wwwroot/ty...')
#6 /www/wwwroot/tyrehub.com/wp-blog-header.php(13): require_once('/www/wwwroot/ty...')
#7 /www/wwwroot/tyrehub.com/index.php(18): require('/www/wwwroot/ty...')
#8 {main}
  thrown in /www/wwwroot/tyrehub.com/wp-content/plugins/POS-payment/pos_payment.php on line 21
[18-Sep-2020 09:19:25 UTC] PHP Fatal error:  Uncaught Error: Class 'WC_Payment_Gateway' not found in /www/wwwroot/tyrehub.com/wp-content/plugins/POS-payment/pos_payment.php:21
Stack trace:
#0 /www/wwwroot/tyrehub.com/wp-includes/class-wp-hook.php(286): init_custom_gateway_class('')
#1 /www/wwwroot/tyrehub.com/wp-includes/class-wp-hook.php(310): WP_Hook->apply_filters(Object(WC_Filter_Orders_By_Payment), Array)
#2 /www/wwwroot/tyrehub.com/wp-includes/plugin.php(465): WP_Hook->do_action(Array)
#3 /www/wwwroot/tyrehub.com/wp-settings.php(394): do_action('plugins_loaded')
#4 /www/wwwroot/tyrehub.com/wp-config.php(115): require_once('/www/wwwroot/ty...')
#5 /www/wwwroot/tyrehub.com/wp-load.php(37): require_once('/www/wwwroot/ty...')
#6 /www/wwwroot/tyrehub.com/wp-blog-header.php(13): require_once('/www/wwwroot/ty...')
#7 /www/wwwroot/tyrehub.com/index.php(18): require('/www/wwwroot/ty...')
#8 {main}
  thrown in /www/wwwroot/tyrehub.com/wp-content/plugins/POS-payment/pos_payment.php on line 21
[18-Sep-2020 09:19:25 UTC] PHP Fatal error:  Uncaught Error: Class 'WC_Payment_Gateway' not found in /www/wwwroot/tyrehub.com/wp-content/plugins/POS-payment/pos_payment.php:21
Stack trace:
#0 /www/wwwroot/tyrehub.com/wp-includes/class-wp-hook.php(286): init_custom_gateway_class('')
#1 /www/wwwroot/tyrehub.com/wp-includes/class-wp-hook.php(310): WP_Hook->apply_filters(Object(WC_Filter_Orders_By_Payment), Array)
#2 /www/wwwroot/tyrehub.com/wp-includes/plugin.php(465): WP_Hook->do_action(Array)
#3 /www/wwwroot/tyrehub.com/wp-settings.php(394): do_action('plugins_loaded')
#4 /www/wwwroot/tyrehub.com/wp-config.php(115): require_once('/www/wwwroot/ty...')
#5 /www/wwwroot/tyrehub.com/wp-load.php(37): require_once('/www/wwwroot/ty...')
#6 /www/wwwroot/tyrehub.com/wp-blog-header.php(13): require_once('/www/wwwroot/ty...')
#7 /www/wwwroot/tyrehub.com/index.php(18): require('/www/wwwroot/ty...')
#8 {main}
  thrown in /www/wwwroot/tyrehub.com/wp-content/plugins/POS-payment/pos_payment.php on line 21
